0 info it worked if it ends with ok
1 verbose cli [ '/usr/local/Cellar/node/5.4.1_1/bin/node',
1 verbose cli   '/usr/local/bin/npm',
1 verbose cli   'publish' ]
2 info using npm@3.5.3
3 info using node@v5.4.1
4 verbose publish [ '.' ]
5 silly cache add args [ '.', null ]
6 verbose cache add spec .
7 silly cache add parsed spec Result {
7 silly cache add   raw: '.',
7 silly cache add   scope: null,
7 silly cache add   name: null,
7 silly cache add   rawSpec: '.',
7 silly cache add   spec: '/Users/Tywin/Desktop/yunpian-npm/yunpian-nodejs',
7 silly cache add   type: 'directory' }
8 verbose addLocalDirectory /Users/Tywin/.npm/yunpian/0.0.1/package.tgz not in flight; packing
9 info lifecycle yunpian@0.0.1~prepublish: yunpian@0.0.1
10 silly lifecycle yunpian@0.0.1~prepublish: no script for prepublish, continuing
11 verbose tar pack [ '/Users/Tywin/.npm/yunpian/0.0.1/package.tgz',
11 verbose tar pack   '/Users/Tywin/Desktop/yunpian-npm/yunpian-nodejs' ]
12 verbose tarball /Users/Tywin/.npm/yunpian/0.0.1/package.tgz
13 verbose folder /Users/Tywin/Desktop/yunpian-npm/yunpian-nodejs
14 verbose addLocalTarball adding from inside cache /Users/Tywin/.npm/yunpian/0.0.1/package.tgz
15 silly cache afterAdd yunpian@0.0.1
16 verbose afterAdd /Users/Tywin/.npm/yunpian/0.0.1/package/package.json not in flight; writing
17 verbose afterAdd /Users/Tywin/.npm/yunpian/0.0.1/package/package.json written
18 silly publish { name: 'yunpian',
18 silly publish   version: '0.0.1',
18 silly publish   description: '云片短信发送包',
18 silly publish   main: 'index.js',
18 silly publish   scripts: { test: 'echo "Error: no test specified" && exit 1' },
18 silly publish   author: { name: 'TywinZhang' },
18 silly publish   license: 'ISC',
18 silly publish   dependencies: { 'node-fetch': '^1.5.3', request: '^2.72.0' },
18 silly publish   repository:
18 silly publish    { type: 'git',
18 silly publish      url: 'git+https://github.com/bitinn/node-fetch.git' },
18 silly publish   devDependencies: {},
18 silly publish   readme: '# yunpian-nodejs\n云片短信发送包\n',
18 silly publish   readmeFilename: 'README.md',
18 silly publish   gitHead: 'df0790e3c6a324b35143d0126fa328371d97abf6',
18 silly publish   bugs: { url: 'https://github.com/bitinn/node-fetch/issues' },
18 silly publish   homepage: 'https://github.com/bitinn/node-fetch#readme',
18 silly publish   _id: 'yunpian@0.0.1',
18 silly publish   _shasum: '3e549f5d41b8683f7dbc0fdcf961b0138fe048b7',
18 silly publish   _from: '.' }
19 verbose getPublishConfig undefined
20 silly mapToRegistry name yunpian
21 silly mapToRegistry using default registry
22 silly mapToRegistry registry https://registry.npmjs.org/
23 silly mapToRegistry uri https://registry.npmjs.org/yunpian
24 verbose publish registryBase https://registry.npmjs.org/
25 silly publish uploading /Users/Tywin/.npm/yunpian/0.0.1/package.tgz
26 verbose request uri https://registry.npmjs.org/yunpian
27 verbose request sending authorization for write operation
28 info attempt registry request try #1 at 16:29:25
29 verbose request using bearer token for auth
30 verbose request id e4af6fe62fc4f171
31 http request PUT https://registry.npmjs.org/yunpian
32 http 403 https://registry.npmjs.org/yunpian
33 verbose headers { 'content-type': 'application/json',
33 verbose headers   'cache-control': 'max-age=300',
33 verbose headers   'content-length': '101',
33 verbose headers   'accept-ranges': 'bytes',
33 verbose headers   date: 'Mon, 06 Jun 2016 08:29:26 GMT',
33 verbose headers   via: '1.1 varnish',
33 verbose headers   connection: 'keep-alive',
33 verbose headers   'x-served-by': 'cache-lhr6344-LHR',
33 verbose headers   'x-cache': 'MISS',
33 verbose headers   'x-cache-hits': '0',
33 verbose headers   'x-timer': 'S1465201766.249419,VS0,VE572',
33 verbose headers   vary: 'Accept-Encoding' }
34 verbose request invalidating /Users/Tywin/.npm/registry.npmjs.org/yunpian on PUT
35 error publish Failed PUT 403
36 verbose stack Error: you do not have permission to publish "yunpian". Are you logged in as the correct user? : yunpian
36 verbose stack     at makeError (/usr/local/lib/node_modules/npm/node_modules/npm-registry-client/lib/request.js:264:12)
36 verbose stack     at CachingRegistryClient.<anonymous> (/usr/local/lib/node_modules/npm/node_modules/npm-registry-client/lib/request.js:252:14)
36 verbose stack     at Request._callback (/usr/local/lib/node_modules/npm/node_modules/npm-registry-client/lib/request.js:172:14)
36 verbose stack     at Request.self.callback (/usr/local/lib/node_modules/npm/node_modules/request/request.js:198:22)
36 verbose stack     at emitTwo (events.js:87:13)
36 verbose stack     at Request.emit (events.js:172:7)
36 verbose stack     at Request.<anonymous> (/usr/local/lib/node_modules/npm/node_modules/request/request.js:1035:10)
36 verbose stack     at emitOne (events.js:82:20)
36 verbose stack     at Request.emit (events.js:169:7)
36 verbose stack     at IncomingMessage.<anonymous> (/usr/local/lib/node_modules/npm/node_modules/request/request.js:962:12)
37 verbose statusCode 403
38 verbose pkgid yunpian
39 verbose cwd /Users/Tywin/Desktop/yunpian-npm/yunpian-nodejs
40 error Darwin 15.3.0
41 error argv "/usr/local/Cellar/node/5.4.1_1/bin/node" "/usr/local/bin/npm" "publish"
42 error node v5.4.1
43 error npm  v3.5.3
44 error code E403
45 error you do not have permission to publish "yunpian". Are you logged in as the correct user? : yunpian
46 error If you need help, you may report this error at:
46 error     <https://github.com/npm/npm/issues>
47 verbose exit [ 1, true ]
